<?xml version="1.0" encoding="UTF-8"?>
<!-- Generated by org.testng.reporters.JUnitReportReporter -->
<testsuite hostname="Mahitha" failures="0" tests="1" name="com.firelawn.testng.MainTest" time="2.693" errors="0" timestamp="2022-10-29T13:42:04 EDT" skipped="0">
  <testcase classname="com.firelawn.testng.MainTest" name="menu_Men" time="2.693"/>
  <system-out/>
</testsuite> <!-- com.firelawn.testng.MainTest -->
