<?xml version="1.0" encoding="UTF-8"?>
<!-- Generated by org.testng.reporters.JUnitReportReporter -->
<testsuite hostname="Mahitha" failures="0" tests="1" name="com.firelawn.testng.RegisterTest" time="4.849" errors="0" timestamp="2022-10-29T16:57:32 EDT" skipped="0">
  <testcase classname="com.firelawn.testng.RegisterTest" name="register" time="4.849"/>
  <system-out/>
</testsuite> <!-- com.firelawn.testng.RegisterTest -->
