<?xml version="1.0" encoding="UTF-8"?>
<!-- Generated by org.testng.reporters.JUnitReportReporter -->
<testsuite hostname="Mahitha" failures="0" tests="1" name="com.firelawn.testng.SignInTest" time="3.251" errors="0" timestamp="2022-10-29T12:00:25 EDT" skipped="0">
  <testcase classname="com.firelawn.testng.SignInTest" name="signin" time="3.251"/>
  <system-out/>
</testsuite> <!-- com.firelawn.testng.SignInTest -->
