<?xml version="1.0" encoding="UTF-8"?>
<!-- Generated by org.testng.reporters.JUnitReportReporter -->
<testsuite hostname="Mahitha" failures="0" tests="1" name="com.firelawn.testng.VoucherGenerateTest" time="6.326" errors="0" timestamp="2022-10-29T21:58:20 EDT" skipped="0">
  <testcase classname="com.firelawn.testng.VoucherGenerateTest" name="voucherGenerate" time="6.326"/>
  <system-out/>
</testsuite> <!-- com.firelawn.testng.VoucherGenerateTest -->
