<?xml version="1.0" encoding="UTF-8"?>
<!-- Generated by org.testng.reporters.JUnitReportReporter -->
<testsuite hostname="Mahitha" failures="0" tests="3" name="com.firelawn.testng.ShoppingCartTest" time="5.873" errors="0" timestamp="2022-10-31T09:55:33 EDT" skipped="0">
  <testcase classname="com.firelawn.testng.ShoppingCartTest" name="signin" time="1.010"/>
  <system-out/>
  <testcase classname="com.firelawn.testng.ShoppingCartTest" name="addToCart" time="1.286"/>
  <system-out/>
  <testcase classname="com.firelawn.testng.ShoppingCartTest" name="removeFromCart" time="3.577"/>
  <system-out/>
</testsuite> <!-- com.firelawn.testng.ShoppingCartTest -->
